<?xml version="1.0" encoding="UTF-8"?>
<!-- Generated by org.testng.reporters.JUnitReportReporter -->
<testsuite skipped="0" hostname="admin-PC" name="JavaScriptTest.Test2" tests="1" failures="0" timestamp="27 Aug 2018 10:46:36 GMT" time="8.433" errors="0">
  <testcase name="ScrollDown" time="8.433" classname="JavaScriptTest.Test2"/>
</testsuite> <!-- JavaScriptTest.Test2 -->
