<?xml version="1.0" encoding="UTF-8"?>
<!-- Generated by org.testng.reporters.JUnitReportReporter -->
<testsuite skipped="0" hostname="admin-PC" name="JavaScriptTest.Test1" tests="1" failures="0" timestamp="27 Aug 2018 13:35:29 GMT" time="14.377" errors="0">
  <testcase name="testGoogle" time="14.377" classname="JavaScriptTest.Test1"/>
</testsuite> <!-- JavaScriptTest.Test1 -->
