<?xml version="1.0" encoding="UTF-8"?>
<!-- Generated by org.testng.reporters.JUnitReportReporter -->
<testsuite skipped="0" hostname="admin-PC" name="group.GroupTest" tests="1" failures="0" timestamp="27 Aug 2018 08:59:39 GMT" time="0.005" errors="0">
  <testcase name="testCaseOne" time="0.005" classname="group.GroupTest"/>
</testsuite> <!-- group.GroupTest -->
