<?xml version="1.0" encoding="UTF-8"?>
<!-- Generated by org.testng.reporters.JUnitReportReporter -->
<testsuite skipped="0" hostname="admin-PC" name="pack.GroupTest" tests="2" failures="0" timestamp="26 Aug 2018 09:57:50 GMT" time="0.013" errors="0">
  <testcase name="testCaseOne" time="0.011" classname="pack.GroupTest"/>
  <testcase name="testCaseTwo" time="0.002" classname="pack.GroupTest"/>
</testsuite> <!-- pack.GroupTest -->
