<?xml version="1.0" encoding="UTF-8"?>
<!-- Generated by org.testng.reporters.JUnitReportReporter -->
<testsuite skipped="0" hostname="admin-PC" name="pack.GroupTest" tests="2" failures="0" timestamp="27 Aug 2018 06:23:57 GMT" time="0.023" errors="0">
  <testcase name="testCaseOne" time="0.020" classname="pack.GroupTest"/>
  <testcase name="testCaseTwo" time="0.003" classname="pack.GroupTest"/>
</testsuite> <!-- pack.GroupTest -->
