<?xml version="1.0" encoding="UTF-8"?>
<!-- Generated by org.testng.reporters.JUnitReportReporter -->
<testsuite skipped="0" hostname="admin-PC" name="group.GroupTest1" tests="3" failures="0" timestamp="27 Aug 2018 13:43:10 GMT" time="0.019" errors="0">
  <testcase name="testCaseNine" time="0.003" classname="group.GroupTest1"/>
  <testcase name="testCaseSeven" time="0.002" classname="group.GroupTest1"/>
  <testcase name="testCaseEight" time="0.014" classname="group.GroupTest1"/>
</testsuite> <!-- group.GroupTest1 -->
