<?xml version="1.0" encoding="UTF-8"?>
<!-- Generated by org.testng.reporters.JUnitReportReporter -->
<testsuite skipped="0" hostname="admin-PC" name="group.GroupTest" tests="2" failures="0" timestamp="27 Aug 2018 13:43:10 GMT" time="0.004" errors="0">
  <testcase name="testCaseTwo" time="0.002" classname="group.GroupTest"/>
  <testcase name="testCaseFour" time="0.002" classname="group.GroupTest"/>
</testsuite> <!-- group.GroupTest -->
