<?xml version="1.0" encoding="UTF-8"?>
<!-- Generated by org.testng.reporters.JUnitReportReporter -->
<testsuite skipped="0" hostname="admin-PC" name="JavaScriptTest.Test3" tests="1" failures="0" timestamp="27 Aug 2018 11:15:23 GMT" time="12.216" errors="0">
  <testcase name="ScrollDownTest" time="12.216" classname="JavaScriptTest.Test3"/>
</testsuite> <!-- JavaScriptTest.Test3 -->
